This file contains any messages produced by compilers while
running configure, to aid debugging if configure makes a mistake.

It was created by configure, which was
generated by GNU Autoconf 2.68.  Invocation command line was

  $ ./configure 

## --------- ##
## Platform. ##
## --------- ##

hostname = slovakia
uname -m = i686
uname -r = 3.2.0-29-generic-pae
uname -s = Linux
uname -v = #46-Ubuntu SMP Fri Jul 27 17:25:43 UTC 2012

/usr/bin/uname -p = unknown
/bin/uname -X     = unknown

/bin/arch              = unknown
/usr/bin/arch -k       = unknown
/usr/convex/getsysinfo = unknown
/usr/bin/hostinfo      = unknown
/bin/machine           = unknown
/usr/bin/oslevel       = unknown
/bin/universe          = unknown

PATH: /opt/ros/fuerte/stacks/orocos/orocos_toolchain/install/bin
PATH: /opt/ros/fuerte/stacks/orocos/orocos_toolchain/orogen/bin
PATH: /opt/ros/fuerte/stacks/orocos/orocos_toolchain/.gems/bin
PATH: /opt/qt/bin
PATH: /opt/ros/fuerte/bin
PATH: /usr/lib/lightdm/lightdm
PATH: /usr/local/sbin
PATH: /usr/local/bin
PATH: /usr/sbin
PATH: /usr/bin
PATH: /sbin
PATH: /bin
PATH: /usr/games


## ----------- ##
## Core tests. ##
## ----------- ##

configure:2139: checking for a BSD-compatible install
configure:2207: result: /usr/bin/install -c
configure:2218: checking whether build environment is sane
configure:2268: result: yes
configure:2409: checking for a thread-safe mkdir -p
configure:2448: result: /bin/mkdir -p
configure:2461: checking for gawk
configure:2491: result: no
configure:2461: checking for mawk
configure:2477: found /usr/bin/mawk
configure:2488: result: mawk
configure:2499: checking whether make sets $(MAKE)
configure:2521: result: yes
configure:2656: checking for gcc
configure:2672: found /usr/bin/gcc
configure:2683: result: gcc
configure:2912: checking for C compiler version
configure:2921: gcc --version >&5
gcc (Ubuntu/Linaro 4.6.3-1ubuntu5) 4.6.3
Copyright (C) 2011 Free Software Foundation, Inc.
This is free software; see the source for copying conditions.  There is NO
warranty; not even for MERCHANTABILITY or FITNESS FOR A PARTICULAR PURPOSE.

configure:2932: $? = 0
configure:2921: gcc -v >&5
Using built-in specs.
COLLECT_GCC=gcc
COLLECT_LTO_WRAPPER=/usr/lib/gcc/i686-linux-gnu/4.6/lto-wrapper
Target: i686-linux-gnu
Configured with: ../src/configure -v --with-pkgversion='Ubuntu/Linaro 4.6.3-1ubuntu5' --with-bugurl=file:///usr/share/doc/gcc-4.6/README.Bugs --enable-languages=c,c++,fortran,objc,obj-c++ --prefix=/usr --program-suffix=-4.6 --enable-shared --enable-linker-build-id --with-system-zlib --libexecdir=/usr/lib --without-included-gettext --enable-threads=posix --with-gxx-include-dir=/usr/include/c++/4.6 --libdir=/usr/lib --enable-nls --with-sysroot=/ --enable-clocale=gnu --enable-libstdcxx-debug --enable-libstdcxx-time=yes --enable-gnu-unique-object --enable-plugin --enable-objc-gc --enable-targets=all --disable-werror --with-arch-32=i686 --with-tune=generic --enable-checking=release --build=i686-linux-gnu --host=i686-linux-gnu --target=i686-linux-gnu
Thread model: posix
gcc version 4.6.3 (Ubuntu/Linaro 4.6.3-1ubuntu5) 
configure:2932: $? = 0
configure:2921: gcc -V >&5
gcc: error: unrecognized option '-V'
gcc: fatal error: no input files
compilation terminated.
configure:2932: $? = 4
configure:2921: gcc -qversion >&5
gcc: error: unrecognized option '-qversion'
gcc: fatal error: no input files
compilation terminated.
configure:2932: $? = 4
configure:2952: checking whether the C compiler works
configure:2974: gcc    conftest.c  >&5
configure:2978: $? = 0
configure:3026: result: yes
configure:3029: checking for C compiler default output file name
configure:3031: result: a.out
configure:3037: checking for suffix of executables
configure:3044: gcc -o conftest    conftest.c  >&5
configure:3048: $? = 0
configure:3070: result: 
configure:3092: checking whether we are cross compiling
configure:3100: gcc -o conftest    conftest.c  >&5
configure:3104: $? = 0
configure:3111: ./conftest
configure:3115: $? = 0
configure:3130: result: no
configure:3135: checking for suffix of object files
configure:3157: gcc -c   conftest.c >&5
configure:3161: $? = 0
configure:3182: result: o
configure:3186: checking whether we are using the GNU C compiler
configure:3205: gcc -c   conftest.c >&5
configure:3205: $? = 0
configure:3214: result: yes
configure:3223: checking whether gcc accepts -g
configure:3243: gcc -c -g  conftest.c >&5
configure:3243: $? = 0
configure:3284: result: yes
configure:3301: checking for gcc option to accept ISO C89
configure:3365: gcc  -c -g -O2  conftest.c >&5
configure:3365: $? = 0
configure:3378: result: none needed
configure:3409: checking for style of include used by make
configure:3437: result: GNU
configure:3463: checking dependency style of gcc
configure:3574: result: gcc3
configure:3618: checking build system type
configure:3632: result: i686-pc-linux-gnu
configure:3652: checking host system type
configure:3665: result: i686-pc-linux-gnu
configure:3706: checking how to print strings
configure:3733: result: printf
configure:3754: checking for a sed that does not truncate output
configure:3818: result: /bin/sed
configure:3836: checking for grep that handles long lines and -e
configure:3894: result: /bin/grep
configure:3899: checking for egrep
configure:3961: result: /bin/grep -E
configure:3966: checking for fgrep
configure:4028: result: /bin/grep -F
configure:4063: checking for ld used by gcc
configure:4130: result: /usr/bin/ld
configure:4137: checking if the linker (/usr/bin/ld) is GNU ld
configure:4152: result: yes
configure:4164: checking for BSD- or MS-compatible name lister (nm)
configure:4213: result: /usr/bin/nm -B
configure:4343: checking the name lister (/usr/bin/nm -B) interface
configure:4350: gcc -c -g -O2  conftest.c >&5
configure:4353: /usr/bin/nm -B "conftest.o"
configure:4356: output
00000000 B some_variable
configure:4363: result: BSD nm
configure:4366: checking whether ln -s works
configure:4370: result: yes
configure:4378: checking the maximum length of command line arguments
configure:4508: result: 1572864
configure:4525: checking whether the shell understands some XSI constructs
configure:4535: result: yes
configure:4539: checking whether the shell understands "+="
configure:4545: result: yes
configure:4580: checking how to convert i686-pc-linux-gnu file names to i686-pc-linux-gnu format
configure:4620: result: func_convert_file_noop
configure:4627: checking how to convert i686-pc-linux-gnu file names to toolchain format
configure:4647: result: func_convert_file_noop
configure:4654: checking for /usr/bin/ld option to reload object files
configure:4661: result: -r
configure:4735: checking for objdump
configure:4751: found /usr/bin/objdump
configure:4762: result: objdump
configure:4794: checking how to recognize dependent libraries
configure:4996: result: pass_all
configure:5081: checking for dlltool
configure:5111: result: no
configure:5141: checking how to associate runtime and link libraries
configure:5168: result: printf %s\n
configure:5229: checking for ar
configure:5245: found /usr/bin/ar
configure:5256: result: ar
configure:5293: checking for archiver @FILE support
configure:5310: gcc -c -g -O2  conftest.c >&5
configure:5310: $? = 0
configure:5313: ar cru libconftest.a @conftest.lst >&5
configure:5316: $? = 0
configure:5321: ar cru libconftest.a @conftest.lst >&5
ar: conftest.o: No such file or directory
configure:5324: $? = 1
configure:5336: result: @
configure:5394: checking for strip
configure:5410: found /usr/bin/strip
configure:5421: result: strip
configure:5493: checking for ranlib
configure:5509: found /usr/bin/ranlib
configure:5520: result: ranlib
configure:5622: checking command to parse /usr/bin/nm -B output from gcc object
configure:5742: gcc -c -g -O2  conftest.c >&5
configure:5745: $? = 0
configure:5749: /usr/bin/nm -B conftest.o \| sed -n -e 's/^.*[ ]\([ABCDGIRSTW][ABCDGIRSTW]*\)[ ][ ]*\([_A-Za-z][_A-Za-z0-9]*\)$/\1 \2 \2/p' | sed '/ __gnu_lto/d' \> conftest.nm
configure:5752: $? = 0
configure:5818: gcc -o conftest -g -O2   conftest.c conftstm.o >&5
configure:5821: $? = 0
configure:5859: result: ok
configure:5896: checking for sysroot
configure:5926: result: no
configure:6182: checking for mt
configure:6198: found /bin/mt
configure:6209: result: mt
configure:6232: checking if mt is a manifest tool
configure:6238: mt '-?'
configure:6246: result: no
configure:6888: checking how to run the C preprocessor
configure:6919: gcc -E  conftest.c
configure:6919: $? = 0
configure:6933: gcc -E  conftest.c
conftest.c:11:28: fatal error: ac_nonexistent.h: No such file or directory
compilation terminated.
configure:6933: $? = 1
configure: failed program was:
| /* confdefs.h */
| #define PACKAGE_NAME ""
| #define PACKAGE_TARNAME ""
| #define PACKAGE_VERSION ""
| #define PACKAGE_STRING ""
| #define PACKAGE_BUGREPORT ""
| #define PACKAGE_URL ""
| #define PACKAGE "libp5glove"
| #define VERSION "0.3"
| /* end confdefs.h.  */
| #include <ac_nonexistent.h>
configure:6958: result: gcc -E
configure:6978: gcc -E  conftest.c
configure:6978: $? = 0
configure:6992: gcc -E  conftest.c
conftest.c:11:28: fatal error: ac_nonexistent.h: No such file or directory
compilation terminated.
configure:6992: $? = 1
configure: failed program was:
| /* confdefs.h */
| #define PACKAGE_NAME ""
| #define PACKAGE_TARNAME ""
| #define PACKAGE_VERSION ""
| #define PACKAGE_STRING ""
| #define PACKAGE_BUGREPORT ""
| #define PACKAGE_URL ""
| #define PACKAGE "libp5glove"
| #define VERSION "0.3"
| /* end confdefs.h.  */
| #include <ac_nonexistent.h>
configure:7021: checking for ANSI C header files
configure:7041: gcc -c -g -O2  conftest.c >&5
configure:7041: $? = 0
configure:7114: gcc -o conftest -g -O2   conftest.c  >&5
configure:7114: $? = 0
configure:7114: ./conftest
configure:7114: $? = 0
configure:7125: result: yes
configure:7138: checking for sys/types.h
configure:7138: gcc -c -g -O2  conftest.c >&5
configure:7138: $? = 0
configure:7138: result: yes
configure:7138: checking for sys/stat.h
configure:7138: gcc -c -g -O2  conftest.c >&5
configure:7138: $? = 0
configure:7138: result: yes
configure:7138: checking for stdlib.h
configure:7138: gcc -c -g -O2  conftest.c >&5
configure:7138: $? = 0
configure:7138: result: yes
configure:7138: checking for string.h
configure:7138: gcc -c -g -O2  conftest.c >&5
configure:7138: $? = 0
configure:7138: result: yes
configure:7138: checking for memory.h
configure:7138: gcc -c -g -O2  conftest.c >&5
configure:7138: $? = 0
configure:7138: result: yes
configure:7138: checking for strings.h
configure:7138: gcc -c -g -O2  conftest.c >&5
configure:7138: $? = 0
configure:7138: result: yes
configure:7138: checking for inttypes.h
configure:7138: gcc -c -g -O2  conftest.c >&5
configure:7138: $? = 0
configure:7138: result: yes
configure:7138: checking for stdint.h
configure:7138: gcc -c -g -O2  conftest.c >&5
configure:7138: $? = 0
configure:7138: result: yes
configure:7138: checking for unistd.h
configure:7138: gcc -c -g -O2  conftest.c >&5
configure:7138: $? = 0
configure:7138: result: yes
configure:7152: checking for dlfcn.h
configure:7152: gcc -c -g -O2  conftest.c >&5
configure:7152: $? = 0
configure:7152: result: yes
configure:7358: checking for objdir
configure:7373: result: .libs
configure:7640: checking if gcc supports -fno-rtti -fno-exceptions
configure:7658: gcc -c -g -O2  -fno-rtti -fno-exceptions conftest.c >&5
cc1: warning: command line option '-fno-rtti' is valid for C++/ObjC++ but not for C [enabled by default]
configure:7662: $? = 0
configure:7675: result: no
configure:8002: checking for gcc option to produce PIC
configure:8009: result: -fPIC -DPIC
configure:8017: checking if gcc PIC flag -fPIC -DPIC works
configure:8035: gcc -c -g -O2  -fPIC -DPIC -DPIC conftest.c >&5
configure:8039: $? = 0
configure:8052: result: yes
configure:8081: checking if gcc static flag -static works
configure:8109: result: yes
configure:8124: checking if gcc supports -c -o file.o
configure:8145: gcc -c -g -O2  -o out/conftest2.o conftest.c >&5
configure:8149: $? = 0
configure:8171: result: yes
configure:8179: checking if gcc supports -c -o file.o
configure:8226: result: yes
configure:8259: checking whether the gcc linker (/usr/bin/ld) supports shared libraries
configure:9416: result: yes
configure:9453: checking whether -lc should be explicitly linked in
configure:9461: gcc -c -g -O2  conftest.c >&5
configure:9464: $? = 0
configure:9479: gcc -shared  -fPIC -DPIC conftest.o  -v -Wl,-soname -Wl,conftest -o conftest 2\>\&1 \| /bin/grep  -lc  \>/dev/null 2\>\&1
configure:9482: $? = 0
configure:9496: result: no
configure:9656: checking dynamic linker characteristics
configure:10167: gcc -o conftest -g -O2   -Wl,-rpath -Wl,/foo conftest.c  >&5
configure:10167: $? = 0
configure:10401: result: GNU/Linux ld.so
configure:10508: checking how to hardcode library paths into programs
configure:10533: result: immediate
configure:11073: checking whether stripping libraries is possible
configure:11078: result: yes
configure:11113: checking if libtool supports shared libraries
configure:11115: result: yes
configure:11118: checking whether to build shared libraries
configure:11139: result: yes
configure:11142: checking whether to build static libraries
configure:11146: result: yes
configure:11186: checking for X
configure:11294: gcc -E  conftest.c
configure:11294: $? = 0
configure:11325: gcc -o conftest -g -O2   conftest.c -lX11  >&5
configure:11325: $? = 0
configure:11375: result: libraries , headers 
configure:11474: gcc -o conftest -g -O2   conftest.c   -lX11 >&5
configure:11474: $? = 0
configure:11572: checking for gethostbyname
configure:11572: gcc -o conftest -g -O2   conftest.c  >&5
configure:11572: $? = 0
configure:11572: result: yes
configure:11669: checking for connect
configure:11669: gcc -o conftest -g -O2   conftest.c  >&5
configure:11669: $? = 0
configure:11669: result: yes
configure:11718: checking for remove
configure:11718: gcc -o conftest -g -O2   conftest.c  >&5
configure:11718: $? = 0
configure:11718: result: yes
configure:11767: checking for shmat
configure:11767: gcc -o conftest -g -O2   conftest.c  >&5
configure:11767: $? = 0
configure:11767: result: yes
configure:11825: checking for IceConnectionNumber in -lICE
configure:11850: gcc -o conftest -g -O2   conftest.c -lICE   >&5
configure:11850: $? = 0
configure:11859: result: yes
configure:11877: checking for usb_open in -lusb
configure:11902: gcc -o conftest -g -O2   conftest.c -lusb   >&5
configure:11902: $? = 0
configure:11911: result: yes
configure:11923: checking for usb_interrupt_read in -lusb
configure:11948: gcc -o conftest -g -O2   conftest.c -lusb  -lusb  >&5
configure:11948: $? = 0
configure:11957: result: yes
configure:11970: checking whether time.h and sys/time.h may both be included
configure:11990: gcc -c -g -O2  conftest.c >&5
configure:11990: $? = 0
configure:11997: result: yes
configure:12006: checking for ANSI C header files
configure:12110: result: yes
configure:12121: checking for gettimeofday
configure:12121: gcc -o conftest -g -O2   conftest.c -lusb  >&5
configure:12121: $? = 0
configure:12121: result: yes
configure:12121: checking for strerror
configure:12121: gcc -o conftest -g -O2   conftest.c -lusb  >&5
configure:12121: $? = 0
configure:12121: result: yes
configure:12263: creating ./config.status

## ---------------------- ##
## Running config.status. ##
## ---------------------- ##

This file was extended by config.status, which was
generated by GNU Autoconf 2.68.  Invocation command line was

  CONFIG_FILES    = 
  CONFIG_HEADERS  = 
  CONFIG_LINKS    = 
  CONFIG_COMMANDS = 
  $ ./config.status 

on slovakia

config.status:1101: creating Makefile
config.status:1101: creating src/Makefile
config.status:1101: creating demo/Makefile
config.status:1101: creating config.h
config.status:1330: executing depfiles commands
config.status:1330: executing libtool commands

## ---------------- ##
## Cache variables. ##
## ---------------- ##

ac_cv_build=i686-pc-linux-gnu
ac_cv_c_compiler_gnu=yes
ac_cv_env_CC_set=
ac_cv_env_CC_value=
ac_cv_env_CFLAGS_set=
ac_cv_env_CFLAGS_value=
ac_cv_env_CPPFLAGS_set=
ac_cv_env_CPPFLAGS_value=
ac_cv_env_CPP_set=
ac_cv_env_CPP_value=
ac_cv_env_LDFLAGS_set=
ac_cv_env_LDFLAGS_value=
ac_cv_env_LIBS_set=
ac_cv_env_LIBS_value=
ac_cv_env_XMKMF_set=
ac_cv_env_XMKMF_value=
ac_cv_env_build_alias_set=
ac_cv_env_build_alias_value=
ac_cv_env_host_alias_set=
ac_cv_env_host_alias_value=
ac_cv_env_target_alias_set=
ac_cv_env_target_alias_value=
ac_cv_func_connect=yes
ac_cv_func_gethostbyname=yes
ac_cv_func_gettimeofday=yes
ac_cv_func_remove=yes
ac_cv_func_shmat=yes
ac_cv_func_strerror=yes
ac_cv_have_x='have_x=yes	ac_x_includes='\'''\''	ac_x_libraries='\'''\'''
ac_cv_header_dlfcn_h=yes
ac_cv_header_inttypes_h=yes
ac_cv_header_memory_h=yes
ac_cv_header_stdc=yes
ac_cv_header_stdint_h=yes
ac_cv_header_stdlib_h=yes
ac_cv_header_string_h=yes
ac_cv_header_strings_h=yes
ac_cv_header_sys_stat_h=yes
ac_cv_header_sys_types_h=yes
ac_cv_header_time=yes
ac_cv_header_unistd_h=yes
ac_cv_host=i686-pc-linux-gnu
ac_cv_lib_ICE_IceConnectionNumber=yes
ac_cv_lib_usb_usb_interrupt_read=yes
ac_cv_lib_usb_usb_open=yes
ac_cv_objext=o
ac_cv_path_EGREP='/bin/grep -E'
ac_cv_path_FGREP='/bin/grep -F'
ac_cv_path_GREP=/bin/grep
ac_cv_path_SED=/bin/sed
ac_cv_path_install='/usr/bin/install -c'
ac_cv_path_mkdir=/bin/mkdir
ac_cv_prog_AWK=mawk
ac_cv_prog_CPP='gcc -E'
ac_cv_prog_ac_ct_AR=ar
ac_cv_prog_ac_ct_CC=gcc
ac_cv_prog_ac_ct_MANIFEST_TOOL=mt
ac_cv_prog_ac_ct_OBJDUMP=objdump
ac_cv_prog_ac_ct_RANLIB=ranlib
ac_cv_prog_ac_ct_STRIP=strip
ac_cv_prog_cc_c89=
ac_cv_prog_cc_g=yes
ac_cv_prog_make_make_set=yes
am_cv_CC_dependencies_compiler_type=gcc3
lt_cv_ar_at_file=@
lt_cv_archive_cmds_need_lc=no
lt_cv_deplibs_check_method=pass_all
lt_cv_file_magic_cmd='$MAGIC_CMD'
lt_cv_file_magic_test_file=
lt_cv_ld_reload_flag=-r
lt_cv_nm_interface='BSD nm'
lt_cv_objdir=.libs
lt_cv_path_LD=/usr/bin/ld
lt_cv_path_NM='/usr/bin/nm -B'
lt_cv_path_mainfest_tool=no
lt_cv_prog_compiler_c_o=yes
lt_cv_prog_compiler_pic='-fPIC -DPIC'
lt_cv_prog_compiler_pic_works=yes
lt_cv_prog_compiler_rtti_exceptions=no
lt_cv_prog_compiler_static_works=yes
lt_cv_prog_gnu_ld=yes
lt_cv_sharedlib_from_linklib_cmd='printf %s\n'
lt_cv_shlibpath_overrides_runpath=no
lt_cv_sys_global_symbol_pipe='sed -n -e '\''s/^.*[	 ]\([ABCDGIRSTW][ABCDGIRSTW]*\)[	 ][	 ]*\([_A-Za-z][_A-Za-z0-9]*\)$/\1 \2 \2/p'\'' | sed '\''/ __gnu_lto/d'\'''
lt_cv_sys_global_symbol_to_c_name_address='sed -n -e '\''s/^: \([^ ]*\)[ ]*$/  {\"\1\", (void *) 0},/p'\'' -e '\''s/^[ABCDGIRSTW]* \([^ ]*\) \([^ ]*\)$/  {"\2", (void *) \&\2},/p'\'''
lt_cv_sys_global_symbol_to_c_name_address_lib_prefix='sed -n -e '\''s/^: \([^ ]*\)[ ]*$/  {\"\1\", (void *) 0},/p'\'' -e '\''s/^[ABCDGIRSTW]* \([^ ]*\) \(lib[^ ]*\)$/  {"\2", (void *) \&\2},/p'\'' -e '\''s/^[ABCDGIRSTW]* \([^ ]*\) \([^ ]*\)$/  {"lib\2", (void *) \&\2},/p'\'''
lt_cv_sys_global_symbol_to_cdecl='sed -n -e '\''s/^T .* \(.*\)$/extern int \1();/p'\'' -e '\''s/^[ABCDGIRSTW]* .* \(.*\)$/extern char \1;/p'\'''
lt_cv_sys_max_cmd_len=1572864
lt_cv_to_host_file_cmd=func_convert_file_noop
lt_cv_to_tool_file_cmd=func_convert_file_noop

## ----------------- ##
## Output variables. ##
## ----------------- ##

ACLOCAL='${SHELL} /home/sampfeiffer/workspace/glovething/p5glove_ros/old_driver/missing --run aclocal-1.11 -I macros'
AMDEPBACKSLASH='\'
AMDEP_FALSE='#'
AMDEP_TRUE=''
AMTAR='$${TAR-tar}'
AR='ar'
AUTOCONF='${SHELL} /home/sampfeiffer/workspace/glovething/p5glove_ros/old_driver/missing --run autoconf'
AUTOHEADER='${SHELL} /home/sampfeiffer/workspace/glovething/p5glove_ros/old_driver/missing --run autoheader'
AUTOMAKE='${SHELL} /home/sampfeiffer/workspace/glovething/p5glove_ros/old_driver/missing --run automake-1.11'
AWK='mawk'
CC='gcc'
CCDEPMODE='depmode=gcc3'
CFLAGS='-g -O2'
CPP='gcc -E'
CPPFLAGS=''
CYGPATH_W='echo'
DEFS='-DHAVE_CONFIG_H'
DEPDIR='.deps'
DLLTOOL='false'
DSYMUTIL=''
DUMPBIN=''
ECHO_C=''
ECHO_N='-n'
ECHO_T=''
EGREP='/bin/grep -E'
EXEEXT=''
FGREP='/bin/grep -F'
GREP='/bin/grep'
INSTALL_DATA='${INSTALL} -m 644'
INSTALL_PROGRAM='${INSTALL}'
INSTALL_SCRIPT='${INSTALL}'
INSTALL_STRIP_PROGRAM='$(install_sh) -c -s'
LD='/usr/bin/ld'
LDFLAGS=''
LIBOBJS=''
LIBS='-lusb '
LIBTOOL='$(SHELL) $(top_builddir)/libtool'
LIPO=''
LN_S='ln -s'
LTLIBOBJS=''
MAKEINFO='${SHELL} /home/sampfeiffer/workspace/glovething/p5glove_ros/old_driver/missing --run makeinfo'
MANIFEST_TOOL=':'
MKDIR_P='/bin/mkdir -p'
NM='/usr/bin/nm -B'
NMEDIT=''
OBJDUMP='objdump'
OBJEXT='o'
OTOOL64=''
OTOOL=''
PACKAGE='libp5glove'
PACKAGE_BUGREPORT=''
PACKAGE_NAME=''
PACKAGE_STRING=''
PACKAGE_TARNAME=''
PACKAGE_URL=''
PACKAGE_VERSION=''
PATH_SEPARATOR=':'
RANLIB='ranlib'
SED='/bin/sed'
SET_MAKE=''
SHELL='/bin/bash'
STRIP='strip'
VERSION='0.3'
XMKMF=''
X_CFLAGS=''
X_EXTRA_LIBS=''
X_LIBS=''
X_PRE_LIBS=' -lSM -lICE'
ac_ct_AR='ar'
ac_ct_CC='gcc'
ac_ct_DUMPBIN=''
am__EXEEXT_FALSE=''
am__EXEEXT_TRUE='#'
am__fastdepCC_FALSE='#'
am__fastdepCC_TRUE=''
am__include='include'
am__isrc=''
am__leading_dot='.'
am__nodep='_no'
am__quote=''
am__tar='$${TAR-tar} chof - "$$tardir"'
am__untar='$${TAR-tar} xf -'
bindir='${exec_prefix}/bin'
build='i686-pc-linux-gnu'
build_alias=''
build_cpu='i686'
build_os='linux-gnu'
build_vendor='pc'
datadir='${datarootdir}'
datarootdir='${prefix}/share'
docdir='${datarootdir}/doc/${PACKAGE}'
dvidir='${docdir}'
exec_prefix='${prefix}'
host='i686-pc-linux-gnu'
host_alias=''
host_cpu='i686'
host_os='linux-gnu'
host_vendor='pc'
htmldir='${docdir}'
includedir='${prefix}/include'
infodir='${datarootdir}/info'
install_sh='${SHELL} /home/sampfeiffer/workspace/glovething/p5glove_ros/old_driver/install-sh'
libdir='${exec_prefix}/lib'
libexecdir='${exec_prefix}/libexec'
localedir='${datarootdir}/locale'
localstatedir='${prefix}/var'
mandir='${datarootdir}/man'
mkdir_p='/bin/mkdir -p'
oldincludedir='/usr/include'
pdfdir='${docdir}'
prefix='/usr/local'
program_transform_name='s,x,x,'
psdir='${docdir}'
sbindir='${exec_prefix}/sbin'
sharedstatedir='${prefix}/com'
sysconfdir='${prefix}/etc'
target_alias=''

## ----------- ##
## confdefs.h. ##
## ----------- ##

/* confdefs.h */
#define PACKAGE_NAME ""
#define PACKAGE_TARNAME ""
#define PACKAGE_VERSION ""
#define PACKAGE_STRING ""
#define PACKAGE_BUGREPORT ""
#define PACKAGE_URL ""
#define PACKAGE "libp5glove"
#define VERSION "0.3"
#define STDC_HEADERS 1
#define HAVE_SYS_TYPES_H 1
#define HAVE_SYS_STAT_H 1
#define HAVE_STDLIB_H 1
#define HAVE_STRING_H 1
#define HAVE_MEMORY_H 1
#define HAVE_STRINGS_H 1
#define HAVE_INTTYPES_H 1
#define HAVE_STDINT_H 1
#define HAVE_UNISTD_H 1
#define HAVE_DLFCN_H 1
#define LT_OBJDIR ".libs/"
#define HAVE_LIBUSB 1
#define HAVE_USB_INTERRUPT_READ 1
#define TIME_WITH_SYS_TIME 1
#define STDC_HEADERS 1
#define HAVE_GETTIMEOFDAY 1
#define HAVE_STRERROR 1

configure: exit 0

## ---------------------- ##
## Running config.status. ##
## ---------------------- ##

This file was extended by config.status, which was
generated by GNU Autoconf 2.68.  Invocation command line was

  CONFIG_FILES    = 
  CONFIG_HEADERS  = 
  CONFIG_LINKS    = 
  CONFIG_COMMANDS = 
  $ ./config.status config.h

on slovakia

config.status:1101: creating config.h
config.status:1282: config.h is unchanged
